<?xml version="1.0" encoding="UTF-8"?>
<testng-results ignored="0" total="1" passed="1" failed="0" skipped="0">
  <reporter-output>
  </reporter-output>
  <suite started-at="2023-03-09T13:21:13 EST" name="Default suite" finished-at="2023-03-09T13:21:28 EST" duration-ms="14840">
    <groups>
    </groups>
    <test started-at="2023-03-09T13:21:13 EST" name="Default test" finished-at="2023-03-09T13:21:28 EST" duration-ms="14840">
      <class name="nikee.usa.practiceJava.multipleWindow">
        <test-method signature="getMultipleWindow()[pri:0, instance:nikee.usa.practiceJava.multipleWindow@1a4013]" started-at="2023-03-09T13:21:13 EST" name="getMultipleWindow" finished-at="2023-03-09T13:21:28 EST" duration-ms="14750" status="PASS">
          <reporter-output>
          </reporter-output>
        </test-method> <!-- getMultipleWindow -->
      </class> <!-- nikee.usa.practiceJava.multipleWindow -->
    </test> <!-- Default test -->
  </suite> <!-- Default suite -->
</testng-results>
